2018-12-22 23:59:28 程序启动
2018-12-22 23:59:28 日志文件(D:\GitHub\Visual_Studio_Study\SpEyeCOM\SpEyeCOM\bin\Debug\CameraBarcode\log\barcode_20181222235928.log)
2018-12-22 23:59:28 获取软件设置开始
2018-12-22 23:59:28 图片缓存文件夹(D:\GitHub\Visual_Studio_Study\SpEyeCOM\SpEyeCOM\bin\Debug\CameraBarcode\bmp)
2018-12-22 23:59:28 串口端口号(COM201)
2018-12-22 23:59:28 串口(COM201)波特率(9600)
2018-12-22 23:59:28 串口(COM201)奇偶校验(N)
2018-12-22 23:59:28 串口(COM201)数据位(8)
2018-12-22 23:59:28 串口(COM201)止位(0)
2018-12-22 23:59:28 串口(COM201)开始码(0)
2018-12-22 23:59:28 获取软件设置结束
2018-12-22 23:59:28 摄像头和串口加载开始
2018-12-22 23:59:28 未检测到摄像头
2018-12-22 23:59:28 串口(COM201)加载成功
2018-12-22 23:59:28 摄像头和串口加载结束
2018-12-22 23:59:33 读串口(COM201)读取数据(48)
2018-12-22 23:59:33 读串口(COM201)读取扫描指令(0)，进行解码
2018-12-22 23:59:33 摄像头掉线，无法解码
2018-12-22 23:59:33 读串口(COM201)读取数据(10)
2018-12-23 00:00:04 程序退出
