2018-12-22 20:16:20 程序启动
2018-12-22 20:16:20 日志文件(D:\visual studio 2015\Projects\SpEyeCOM\SpEyeCOM\bin\Debug\CameraBarcode\log\barcode_20181222201620.log)
2018-12-22 20:16:20 获取软件设置开始
2018-12-22 20:16:20 图片缓存文件夹(D:\visual studio 2015\Projects\SpEyeCOM\SpEyeCOM\bin\Debug\CameraBarcode\bmp)
2018-12-22 20:16:20 串口端口号(COM201)
2018-12-22 20:16:20 串口(COM201)波特率(9600)
2018-12-22 20:16:20 串口(COM201)奇偶校验(N)
2018-12-22 20:16:20 串口(COM201)数据位(8)
2018-12-22 20:16:20 串口(COM201)止位(0)
2018-12-22 20:16:20 串口(COM201)开始码(0)
2018-12-22 20:16:20 获取软件设置结束
2018-12-22 20:16:20 摄像头和串口加载开始
2018-12-22 20:16:21 摄像头加载成功
2018-12-22 20:16:21 串口(COM201)加载成功
2018-12-22 20:16:21 摄像头和串口加载结束
2018-12-22 20:16:22 读串口(COM201)读取数据(48)
2018-12-22 20:16:22 读串口(COM201)读取扫描指令(0)，进行解码
2018-12-22 20:16:22 读串口(COM201)读取数据(10)
2018-12-22 20:16:22 解码成功(C474214G02XF9JQA70)
2018-12-22 20:16:26 读串口(COM201)读取数据(48)
2018-12-22 20:16:26 读串口(COM201)读取扫描指令(0)，进行解码
2018-12-22 20:16:26 读串口(COM201)读取数据(10)
2018-12-22 20:16:26 解码成功(C474214G02XF9JQA70)
2018-12-22 20:16:29 读串口(COM201)读取数据(48)
2018-12-22 20:16:29 读串口(COM201)读取扫描指令(0)，进行解码
2018-12-22 20:16:29 读串口(COM201)读取数据(10)
2018-12-22 20:16:29 解码成功(C474214G02XF9JQA70)
2018-12-22 20:16:31 读串口(COM201)读取数据(48)
2018-12-22 20:16:31 读串口(COM201)读取扫描指令(0)，进行解码
2018-12-22 20:16:31 读串口(COM201)读取数据(10)
2018-12-22 20:16:31 解码成功(C474214G02XF9JQA70)
2018-12-22 20:16:34 读串口(COM201)读取数据(48)
2018-12-22 20:16:34 读串口(COM201)读取扫描指令(0)，进行解码
2018-12-22 20:16:34 读串口(COM201)读取数据(10)
2018-12-22 20:16:34 解码成功(C474214G02XF9JQA70)
2018-12-22 20:16:36 读串口(COM201)读取数据(48)
2018-12-22 20:16:36 读串口(COM201)读取扫描指令(0)，进行解码
2018-12-22 20:16:36 读串口(COM201)读取数据(10)
2018-12-22 20:16:36 解码成功(C474214G02XF9JQA70)
2018-12-22 20:16:38 读串口(COM201)读取数据(48)
2018-12-22 20:16:38 读串口(COM201)读取扫描指令(0)，进行解码
2018-12-22 20:16:38 读串口(COM201)读取数据(10)
2018-12-22 20:16:38 解码成功(C474214G02XF9JQA70)
2018-12-22 20:16:40 读串口(COM201)读取数据(48)
2018-12-22 20:16:40 读串口(COM201)读取扫描指令(0)，进行解码
2018-12-22 20:16:40 读串口(COM201)读取数据(10)
2018-12-22 20:16:40 解码成功(C474214G02XF9JQA70)
2018-12-22 20:16:43 读串口(COM201)读取数据(48)
2018-12-22 20:16:43 读串口(COM201)读取扫描指令(0)，进行解码
2018-12-22 20:16:43 读串口(COM201)读取数据(10)
2018-12-22 20:16:43 解码成功(C474214G02XF9JQA70)
2018-12-22 20:19:37 程序退出
