2018-12-22 19:38:06 程序启动
2018-12-22 19:38:06 日志文件(D:\visual studio 2015\Projects\SpEyeCOM\SpEyeCOM\bin\Debug\CameraBarcode\log\barcode_20181222193806.log)
2018-12-22 19:38:06 获取软件设置开始
2018-12-22 19:38:06 图片缓存文件夹(C:\Users\Administrator\Desktop\CameraBarcode\bmp)
2018-12-22 19:38:06 串口端口号(COM201)
2018-12-22 19:38:06 串口(COM201)波特率(9600)
2018-12-22 19:38:06 串口(COM201)奇偶校验(N)
2018-12-22 19:38:06 串口(COM201)数据位(8)
2018-12-22 19:38:06 串口(COM201)止位(0)
2018-12-22 19:38:06 串口(COM201)开始码(0)
2018-12-22 19:38:06 获取软件设置结束
2018-12-22 19:38:06 摄像头和串口加载开始
2018-12-22 19:38:06 摄像头加载成功
2018-12-22 19:38:06 串口(COM201)加载成功
2018-12-22 19:38:06 摄像头和串口加载结束
2018-12-22 19:38:45 读串口(COM201)读取数据(48)
2018-12-22 19:38:45 读串口(COM201)读取扫描指令(0)，进行解码
2018-12-22 19:38:45 读串口(COM201)读取数据(10)
2018-12-22 19:38:45 解码失败，异常发生
2018-12-22 19:39:07 读串口(COM201)读取数据(48)
2018-12-22 19:39:07 读串口(COM201)读取扫描指令(0)，进行解码
2018-12-22 19:39:07 读串口(COM201)读取数据(10)
2018-12-22 19:39:07 解码失败，异常发生
2018-12-22 19:39:31 读串口(COM201)读取数据(48)
2018-12-22 19:39:31 读串口(COM201)读取扫描指令(0)，进行解码
2018-12-22 19:39:31 读串口(COM201)读取数据(10)
2018-12-22 19:39:31 解码失败，异常发生
2018-12-22 19:39:49 读串口(COM201)读取数据(48)
2018-12-22 19:39:49 读串口(COM201)读取扫描指令(0)，进行解码
2018-12-22 19:39:49 读串口(COM201)读取数据(10)
2018-12-22 19:39:49 解码失败，异常发生
2018-12-22 19:40:03 解码失败，异常发生
2018-12-22 19:40:09 程序退出
