2018-12-22 16:35:31 程序启动
2018-12-22 16:35:31 日志文件(C:\Users\Administrator\Desktop\CameraBarcode\log\barcode_20181222163531.log)
2018-12-22 16:35:31 获取软件设置开始
2018-12-22 16:35:31 图片缓存文件夹(C:\Users\Administrator\Desktop\CameraBarcode\bmp)
2018-12-22 16:35:31 串口端口号(COM201)
2018-12-22 16:35:31 串口(COM201)波特率(9600)
2018-12-22 16:35:31 串口(COM201)奇偶校验(N)
2018-12-22 16:35:31 串口(COM201)数据位(8)
2018-12-22 16:35:31 串口(COM201)止位(0)
2018-12-22 16:35:31 串口(COM201)开始码(0)
2018-12-22 16:35:31 获取软件设置结束
2018-12-22 16:35:31 摄像头和串口加载开始
2018-12-22 16:35:32 摄像头加载成功
2018-12-22 16:35:32 串口(COM201)加载成功
2018-12-22 16:35:32 摄像头和串口加载结束
2018-12-22 16:35:45 读串口(COM201)读取数据(48)
2018-12-22 16:35:45 读串口(COM201)读取扫描指令(0)，进行解码
2018-12-22 16:35:45 读串口(COM201)读取数据(10)
2018-12-22 16:35:46 解码失败(000000000000000000)
2018-12-22 16:36:01 读串口(COM201)读取数据(48)
2018-12-22 16:36:01 读串口(COM201)读取扫描指令(0)，进行解码
2018-12-22 16:36:01 读串口(COM201)读取数据(10)
2018-12-22 16:36:01 解码成功(C474214G02XF9JQA70)
2018-12-22 16:36:10 程序退出
