2018-12-22 16:13:18 程序启动
2018-12-22 16:13:18 日志文件(C:\Users\Administrator\Desktop\CameraBarcode\log\barcode_20181222161318.log)
2018-12-22 16:13:18 获取软件设置开始
2018-12-22 16:13:18 图片缓存文件夹(C:\Users\Administrator\Desktop\CameraBarcode\bmp)
2018-12-22 16:13:18 串口端口号(COM201)
2018-12-22 16:13:18 串口(COM201)波特率(9600)
2018-12-22 16:13:18 串口(COM201)奇偶校验(N)
2018-12-22 16:13:18 串口(COM201)数据位(8)
2018-12-22 16:13:18 串口(COM201)止位(0)
2018-12-22 16:13:18 串口(COM201)开始码(0)
2018-12-22 16:13:18 获取软件设置结束
2018-12-22 16:13:18 摄像头和串口加载开始
2018-12-22 16:13:18 摄像头加载成功
2018-12-22 16:13:18 串口(COM201)加载成功
2018-12-22 16:13:18 摄像头和串口加载结束
2018-12-22 16:13:54 读串口(COM201)读取数据(48)
2018-12-22 16:13:54 读串口(COM201)读取扫描指令(0)，进行解码
2018-12-22 16:13:54 读串口(COM201)读取数据(10)
2018-12-22 16:13:54 解码成功(C474214G02XF9JQA70)
2018-12-22 16:13:58 读串口(COM201)读取数据(48)
2018-12-22 16:13:58 读串口(COM201)读取扫描指令(0)，进行解码
2018-12-22 16:13:58 读串口(COM201)读取数据(10)
2018-12-22 16:13:58 解码成功(C474214G02XF9JQA70)
2018-12-22 16:14:00 读串口(COM201)读取数据(48)
2018-12-22 16:14:00 读串口(COM201)读取扫描指令(0)，进行解码
2018-12-22 16:14:00 读串口(COM201)读取数据(10)
2018-12-22 16:14:00 解码成功(C474214G02XF9JQA70)
2018-12-22 16:14:01 读串口(COM201)读取数据(48)
2018-12-22 16:14:01 读串口(COM201)读取扫描指令(0)，进行解码
2018-12-22 16:14:01 读串口(COM201)读取数据(10)
2018-12-22 16:14:01 解码成功(C474214G02XF9JQA70)
2018-12-22 16:14:02 读串口(COM201)读取数据(48)
2018-12-22 16:14:02 读串口(COM201)读取扫描指令(0)，进行解码
2018-12-22 16:14:02 读串口(COM201)读取数据(10)
2018-12-22 16:14:02 解码成功(C474214G02XF9JQA70)
2018-12-22 16:14:04 读串口(COM201)读取数据(48)
2018-12-22 16:14:04 读串口(COM201)读取扫描指令(0)，进行解码
2018-12-22 16:14:04 读串口(COM201)读取数据(10)
2018-12-22 16:14:04 解码成功(C474214G02XF9JQA70)
2018-12-22 16:14:05 读串口(COM201)读取数据(48)
2018-12-22 16:14:05 读串口(COM201)读取扫描指令(0)，进行解码
2018-12-22 16:14:05 读串口(COM201)读取数据(10)
2018-12-22 16:14:05 解码成功(C474214G02XF9JQA70)
2018-12-22 16:14:06 读串口(COM201)读取数据(48)
2018-12-22 16:14:06 读串口(COM201)读取扫描指令(0)，进行解码
2018-12-22 16:14:06 读串口(COM201)读取数据(10)
2018-12-22 16:14:06 解码成功(C474214G02XF9JQA70)
2018-12-22 16:14:07 读串口(COM201)读取数据(48)
2018-12-22 16:14:07 读串口(COM201)读取扫描指令(0)，进行解码
2018-12-22 16:14:07 读串口(COM201)读取数据(10)
2018-12-22 16:14:07 解码成功(C474214G02XF9JQA70)
2018-12-22 16:14:25 程序退出
