2018-12-21 11:53:54 程序启动
2018-12-21 11:53:54 日志文件(C:\Users\Administrator\Desktop\CameraBarcode\log\barcode_20181221115354.log)
2018-12-21 11:53:54 获取软件设置开始
2018-12-21 11:53:54 图片缓存文件夹(C:\Users\Administrator\Desktop\CameraBarcode\bmp)
2018-12-21 11:53:54 串口端口号(COM201)
2018-12-21 11:53:54 串口(COM201)波特率(9600)
2018-12-21 11:53:54 串口(COM201)奇偶校验(N)
2018-12-21 11:53:54 串口(COM201)数据位(7)
2018-12-21 11:53:54 串口(COM201)止位(0)
2018-12-21 11:53:54 串口(COM201)开始码(0)
2018-12-21 11:53:54 获取软件设置结束
2018-12-21 11:53:54 摄像头和串口加载开始
2018-12-21 11:53:54 摄像头加载成功
2018-12-21 11:53:54 串口(COM201)加载成功
2018-12-21 11:53:54 摄像头和串口加载结束
2018-12-21 11:54:44 读串口(COM201)读取数据(48)
2018-12-21 11:54:44 读串口(COM201)读取扫描指令(0)，进行解码
2018-12-21 11:54:44 解码成功(C474214G02XF9JQA70)
2018-12-21 11:55:01 串口(COM201)设置
2018-12-21 11:55:01 串口(COM201)设置 波特率(9600)
2018-12-21 11:55:01 串口(COM201)设置 奇偶校验(N)
2018-12-21 11:55:01 串口(COM201)设置 数据位(8)
2018-12-21 11:55:01 串口(COM201)设置 停止位(0)
2018-12-21 11:55:01 串口(COM201)设置 开始码(0)
2018-12-21 11:55:01 二维码设置 二维码位数(18)
2018-12-21 11:55:01 数据设置 截图保存路径(C:\Users\Administrator\Desktop\CameraBarcode\bmp)
2018-12-21 11:55:01 数据设置 日志保存路径(C:\Users\Administrator\Desktop\CameraBarcode\log)
2018-12-21 11:55:03 程序退出
