2018-12-21 11:44:14 程序启动
2018-12-21 11:44:14 日志文件(C:\Users\Administrator\Desktop\CameraBarcode\log\barcode_20181221114414.log)
2018-12-21 11:44:14 获取软件设置开始
2018-12-21 11:44:14 图片缓存文件夹(C:\Users\Administrator\Desktop\CameraBarcode\bmp)
2018-12-21 11:44:14 串口端口号(COM201)
2018-12-21 11:44:14 串口(COM201)波特率(9600)
2018-12-21 11:44:14 串口(COM201)奇偶校验(N)
2018-12-21 11:44:14 串口(COM201)数据位(7)
2018-12-21 11:44:14 串口(COM201)止位(0)
2018-12-21 11:44:14 串口(COM201)开始码(0)
2018-12-21 11:44:14 获取软件设置结束
2018-12-21 11:44:14 摄像头和串口加载开始
2018-12-21 11:44:15 摄像头加载成功
2018-12-21 11:44:15 串口(COM201)加载成功
2018-12-21 11:44:15 摄像头和串口加载结束
2018-12-21 11:44:28 解码失败(000000000000000000)
2018-12-21 11:44:31 解码失败(000000000000000000)
2018-12-21 11:45:12 解码成功(C474214G02XF9JQA70)
2018-12-21 11:46:35 解码成功(C474214G02XF9JQA70)
2018-12-21 11:46:38 解码成功(C474214G02XF9JQA70)
2018-12-21 11:46:39 解码成功(C474214G02XF9JQA70)
2018-12-21 11:46:40 解码成功(C474214G02XF9JQA70)
2018-12-21 11:46:43 解码失败(000000000000000000)
2018-12-21 11:46:45 解码成功(C474214G02XF9JQA70)
2018-12-21 11:46:46 解码成功(C474214G02XF9JQA70)
2018-12-21 11:46:47 解码成功(C474214G02XF9JQA70)
2018-12-21 11:46:48 解码成功(C474214G02XF9JQA70)
2018-12-21 11:46:48 解码成功(C474214G02XF9JQA70)
2018-12-21 11:46:48 解码成功(C474214G02XF9JQA70)
2018-12-21 11:46:53 程序退出
