2018-12-21 11:55:05 程序启动
2018-12-21 11:55:05 日志文件(C:\Users\Administrator\Desktop\CameraBarcode\log\barcode_20181221115505.log)
2018-12-21 11:55:05 获取软件设置开始
2018-12-21 11:55:05 图片缓存文件夹(C:\Users\Administrator\Desktop\CameraBarcode\bmp)
2018-12-21 11:55:05 串口端口号(COM201)
2018-12-21 11:55:05 串口(COM201)波特率(9600)
2018-12-21 11:55:05 串口(COM201)奇偶校验(N)
2018-12-21 11:55:05 串口(COM201)数据位(8)
2018-12-21 11:55:05 串口(COM201)止位(0)
2018-12-21 11:55:05 串口(COM201)开始码(0)
2018-12-21 11:55:05 获取软件设置结束
2018-12-21 11:55:05 摄像头和串口加载开始
2018-12-21 11:55:05 摄像头加载成功
2018-12-21 11:55:05 串口(COM201)加载成功
2018-12-21 11:55:05 摄像头和串口加载结束
2018-12-21 11:55:20 读串口(COM201)读取数据(48)
2018-12-21 11:55:20 读串口(COM201)读取扫描指令(0)，进行解码
2018-12-21 11:55:21 解码失败(000000000000000000)
2018-12-21 11:55:49 读串口(COM201)读取数据(48)
2018-12-21 11:55:49 读串口(COM201)读取扫描指令(0)，进行解码
2018-12-21 11:55:50 解码失败(000000000000000000)
2018-12-21 11:56:05 读串口(COM201)读取数据(48)
2018-12-21 11:56:05 读串口(COM201)读取扫描指令(0)，进行解码
2018-12-21 11:56:05 解码成功(C474214G02XF9JQA70)
2018-12-21 11:56:08 读串口(COM201)读取数据(48)
2018-12-21 11:56:08 读串口(COM201)读取扫描指令(0)，进行解码
2018-12-21 11:56:08 解码失败(000000000000000000)
2018-12-21 11:56:11 读串口(COM201)读取数据(48)
2018-12-21 11:56:11 读串口(COM201)读取扫描指令(0)，进行解码
2018-12-21 11:56:11 解码成功(C474214G02XF9JQA70)
2018-12-21 11:56:13 读串口(COM201)读取数据(48)
2018-12-21 11:56:13 读串口(COM201)读取扫描指令(0)，进行解码
2018-12-21 11:56:13 解码成功(C474214G02XF9JQA70)
2018-12-21 11:56:14 读串口(COM201)读取数据(48)
2018-12-21 11:56:14 读串口(COM201)读取扫描指令(0)，进行解码
2018-12-21 11:56:14 解码成功(C474214G02XF9JQA70)
2018-12-21 11:56:14 读串口(COM201)读取数据(48)
2018-12-21 11:56:14 读串口(COM201)读取扫描指令(0)，进行解码
2018-12-21 11:56:14 解码成功(C474214G02XF9JQA70)
2018-12-21 11:56:15 读串口(COM201)读取数据(48)
2018-12-21 11:56:15 读串口(COM201)读取扫描指令(0)，进行解码
2018-12-21 11:56:15 解码成功(C474214G02XF9JQA70)
2018-12-21 11:56:15 读串口(COM201)读取数据(48)
2018-12-21 11:56:15 读串口(COM201)读取扫描指令(0)，进行解码
2018-12-21 11:56:16 读串口(COM201)读取数据(48)
2018-12-21 11:56:16 读串口(COM201)读取扫描指令(0)，进行解码
2018-12-21 11:56:16 解码成功(C474214G02XF9JQA70)
2018-12-21 11:56:19 读串口(COM201)读取数据(48)
2018-12-21 11:56:19 读串口(COM201)读取扫描指令(0)，进行解码
2018-12-21 11:56:20 解码失败(000000000000000000)
2018-12-21 11:56:23 读串口(COM201)读取数据(48)
2018-12-21 11:56:23 读串口(COM201)读取扫描指令(0)，进行解码
2018-12-21 11:56:23 解码成功(C474214G02XF9JQA70)
2018-12-21 11:56:24 读串口(COM201)读取数据(48)
2018-12-21 11:56:24 读串口(COM201)读取扫描指令(0)，进行解码
2018-12-21 11:56:24 解码成功(C474214G02XF9JQA70)
2018-12-21 11:56:25 读串口(COM201)读取数据(48)
2018-12-21 11:56:25 读串口(COM201)读取扫描指令(0)，进行解码
2018-12-21 11:56:25 解码成功(C474214G02XF9JQA70)
2018-12-21 11:56:26 读串口(COM201)读取数据(48)
2018-12-21 11:56:26 读串口(COM201)读取扫描指令(0)，进行解码
2018-12-21 11:56:26 解码成功(C474214G02XF9JQA70)
2018-12-21 11:56:26 读串口(COM201)读取数据(48)
2018-12-21 11:56:26 读串口(COM201)读取扫描指令(0)，进行解码
2018-12-21 11:56:26 解码成功(C474214G02XF9JQA70)
2018-12-21 11:56:26 读串口(COM201)读取数据(48)
2018-12-21 11:56:26 读串口(COM201)读取扫描指令(0)，进行解码
2018-12-21 11:56:26 解码成功(C474214G02XF9JQA70)
2018-12-21 11:56:27 读串口(COM201)读取数据(48)
2018-12-21 11:56:27 读串口(COM201)读取扫描指令(0)，进行解码
2018-12-21 11:56:27 解码成功(C474214G02XF9JQA70)
2018-12-21 11:56:27 读串口(COM201)读取数据(48)
2018-12-21 11:56:27 读串口(COM201)读取扫描指令(0)，进行解码
2018-12-21 11:56:27 解码成功(C474214G02XF9JQA70)
2018-12-21 11:56:27 读串口(COM201)读取数据(48)
2018-12-21 11:56:27 读串口(COM201)读取扫描指令(0)，进行解码
2018-12-21 11:56:27 解码成功(C474214G02XF9JQA70)
2018-12-21 11:56:28 读串口(COM201)读取数据(48)
2018-12-21 11:56:28 读串口(COM201)读取扫描指令(0)，进行解码
2018-12-21 11:56:28 解码成功(C474214G02XF9JQA70)
2018-12-21 11:56:28 读串口(COM201)读取数据(48)
2018-12-21 11:56:28 读串口(COM201)读取扫描指令(0)，进行解码
2018-12-21 11:56:28 解码成功(C474214G02XF9JQA70)
2018-12-21 11:56:28 读串口(COM201)读取数据(48)
2018-12-21 11:56:28 读串口(COM201)读取扫描指令(0)，进行解码
2018-12-21 11:56:28 解码成功(C474214G02XF9JQA70)
2018-12-21 11:56:28 读串口(COM201)读取数据(48)
2018-12-21 11:56:28 读串口(COM201)读取扫描指令(0)，进行解码
2018-12-21 11:56:28 解码成功(C474214G02XF9JQA70)
2018-12-21 11:56:29 读串口(COM201)读取数据(48)
2018-12-21 11:56:29 读串口(COM201)读取扫描指令(0)，进行解码
2018-12-21 11:56:29 解码成功(C474214G02XF9JQA70)
2018-12-21 11:56:29 读串口(COM201)读取数据(48)
2018-12-21 11:56:29 读串口(COM201)读取扫描指令(0)，进行解码
2018-12-21 11:56:29 解码成功(C474214G02XF9JQA70)
2018-12-21 11:56:29 读串口(COM201)读取数据(48)
2018-12-21 11:56:29 读串口(COM201)读取扫描指令(0)，进行解码
2018-12-21 11:56:29 解码成功(C474214G02XF9JQA70)
2018-12-21 11:56:29 读串口(COM201)读取数据(48)
2018-12-21 11:56:29 读串口(COM201)读取扫描指令(0)，进行解码
2018-12-21 11:56:29 解码成功(C474214G02XF9JQA70)
2018-12-21 11:56:29 读串口(COM201)读取数据(48)
2018-12-21 11:56:29 读串口(COM201)读取扫描指令(0)，进行解码
2018-12-21 11:56:30 解码成功(C474214G02XF9JQA70)
2018-12-21 11:56:30 读串口(COM201)读取数据(48)
2018-12-21 11:56:30 读串口(COM201)读取扫描指令(0)，进行解码
2018-12-21 11:56:30 解码成功(C474214G02XF9JQA70)
2018-12-21 11:56:30 读串口(COM201)读取数据(48)
2018-12-21 11:56:30 读串口(COM201)读取扫描指令(0)，进行解码
2018-12-21 11:56:30 解码成功(C474214G02XF9JQA70)
2018-12-21 11:56:30 读串口(COM201)读取数据(48)
2018-12-21 11:56:30 读串口(COM201)读取扫描指令(0)，进行解码
2018-12-21 11:56:30 解码成功(C474214G02XF9JQA70)
2018-12-21 11:56:30 读串口(COM201)读取数据(48)
2018-12-21 11:56:30 读串口(COM201)读取扫描指令(0)，进行解码
2018-12-21 11:56:30 解码成功(C474214G02XF9JQA70)
2018-12-21 11:56:31 读串口(COM201)读取数据(48)
2018-12-21 11:56:31 读串口(COM201)读取扫描指令(0)，进行解码
2018-12-21 11:56:31 解码成功(C474214G02XF9JQA70)
2018-12-21 11:56:31 读串口(COM201)读取数据(48)
2018-12-21 11:56:31 读串口(COM201)读取扫描指令(0)，进行解码
2018-12-21 11:56:31 解码成功(C474214G02XF9JQA70)
2018-12-21 11:56:31 读串口(COM201)读取数据(48)
2018-12-21 11:56:31 读串口(COM201)读取扫描指令(0)，进行解码
2018-12-21 11:56:31 解码成功(C474214G02XF9JQA70)
2018-12-21 11:56:31 读串口(COM201)读取数据(48)
2018-12-21 11:56:31 读串口(COM201)读取扫描指令(0)，进行解码
2018-12-21 11:56:31 解码成功(C474214G02XF9JQA70)
2018-12-21 11:57:29 程序退出
