2018-12-22 19:41:39 程序启动
2018-12-22 19:41:39 日志文件(D:\visual studio 2015\Projects\SpEyeCOM\SpEyeCOM\bin\Debug\CameraBarcode\log\barcode_20181222194139.log)
2018-12-22 19:41:39 获取软件设置开始
2018-12-22 19:41:39 图片缓存文件夹(D:\visual studio 2015\Projects\SpEyeCOM\SpEyeCOM\bin\Debug\CameraBarcode\bmp)
2018-12-22 19:41:39 串口端口号(COM201)
2018-12-22 19:41:39 串口(COM201)波特率(9600)
2018-12-22 19:41:39 串口(COM201)奇偶校验(N)
2018-12-22 19:41:39 串口(COM201)数据位(8)
2018-12-22 19:41:39 串口(COM201)止位(0)
2018-12-22 19:41:39 串口(COM201)开始码(0)
2018-12-22 19:41:39 获取软件设置结束
2018-12-22 19:41:39 摄像头和串口加载开始
2018-12-22 19:41:39 摄像头加载成功
2018-12-22 19:41:39 串口(COM201)加载成功
2018-12-22 19:41:39 摄像头和串口加载结束
2018-12-22 19:41:43 读串口(COM201)读取数据(48)
2018-12-22 19:41:43 读串口(COM201)读取扫描指令(0)，进行解码
2018-12-22 19:41:43 读串口(COM201)读取数据(10)
2018-12-22 19:41:43 解码成功(C474214G02XF9JQA70)
2018-12-22 19:41:51 读串口(COM201)读取数据(48)
2018-12-22 19:41:51 读串口(COM201)读取扫描指令(0)，进行解码
2018-12-22 19:41:51 读串口(COM201)读取数据(10)
2018-12-22 19:41:51 解码成功(C474214G02XF9JQA70)
2018-12-22 19:41:57 读串口(COM201)读取数据(48)
2018-12-22 19:41:57 读串口(COM201)读取扫描指令(0)，进行解码
2018-12-22 19:41:57 读串口(COM201)读取数据(10)
2018-12-22 19:41:57 解码成功(C474214G02XF9JQA70)
2018-12-22 19:42:00 读串口(COM201)读取数据(48)
2018-12-22 19:42:00 读串口(COM201)读取扫描指令(0)，进行解码
2018-12-22 19:42:00 读串口(COM201)读取数据(10)
2018-12-22 19:42:00 解码成功(C474214G02XF9JQA70)
2018-12-22 19:42:06 程序退出
