2018-12-22 19:40:39 程序启动
2018-12-22 19:40:39 日志文件(D:\visual studio 2015\Projects\SpEyeCOM\SpEyeCOM\bin\Debug\CameraBarcode\log\barcode_20181222194039.log)
2018-12-22 19:40:39 获取软件设置开始
2018-12-22 19:40:39 图片缓存文件夹(C:\Users\Administrator\Desktop\CameraBarcode\bmp)
2018-12-22 19:40:39 串口端口号(COM201)
2018-12-22 19:40:39 串口(COM201)波特率(9600)
2018-12-22 19:40:39 串口(COM201)奇偶校验(N)
2018-12-22 19:40:39 串口(COM201)数据位(8)
2018-12-22 19:40:39 串口(COM201)止位(0)
2018-12-22 19:40:39 串口(COM201)开始码(0)
2018-12-22 19:40:39 获取软件设置结束
2018-12-22 19:40:39 摄像头和串口加载开始
2018-12-22 19:40:39 摄像头加载成功
2018-12-22 19:40:39 串口(COM201)加载成功
2018-12-22 19:40:39 摄像头和串口加载结束
2018-12-22 19:41:18 串口(COM201)设置
2018-12-22 19:41:18 串口(COM201)设置 波特率(9600)
2018-12-22 19:41:18 串口(COM201)设置 奇偶校验(N)
2018-12-22 19:41:18 串口(COM201)设置 数据位(8)
2018-12-22 19:41:18 串口(COM201)设置 停止位(0)
2018-12-22 19:41:18 串口(COM201)设置 开始码(0)
2018-12-22 19:41:18 二维码设置 二维码位数(18)
2018-12-22 19:41:18 数据设置 截图保存路径(D:\visual studio 2015\Projects\SpEyeCOM\SpEyeCOM\bin\Debug\CameraBarcode\bmp)
2018-12-22 19:41:18 数据设置 日志保存路径(D:\visual studio 2015\Projects\SpEyeCOM\SpEyeCOM\bin\Debug\CameraBarcode\log)
2018-12-22 19:41:20 程序退出
